<?xml version="1.0" encoding="UTF-8"?>
<!-- Generated by org.testng.reporters.JUnitReportReporter -->
<testsuite hostname="Chethan" failures="0" tests="1" name="testscript.Fb_Login_Script" time="24.940" errors="0" timestamp="2023-04-27T18:33:44 IST" skipped="0">
  <testcase classname="testscript.Fb_Login_Script" name="test1" time="24.940"/>
  <system-out/>
</testsuite> <!-- testscript.Fb_Login_Script -->
